<?xml version="1.0" encoding="UTF-8"?>
<!-- Generated by org.testng.reporters.JUnitXMLReporter -->
<testsuite hostname="AA-PC" ignored="0" name="test1" tests="6" failures="0" timestamp="16 Jul 2019 03:57:01 GMT" time="0.171" errors="0">
  <testcase name="tc001" time="0.015" classname="p1.Mytest1"/>
  <testcase name="tc002" time="0.0" classname="p1.Mytest1"/>
  <testcase name="tc003" time="0.0" classname="p1.Mytest1"/>
  <testcase name="tc004" time="0.015" classname="p2.Mytest2"/>
  <testcase name="tc005" time="0.0" classname="p2.Mytest2"/>
  <testcase name="tc006" time="0.0" classname="p2.Mytest2"/>
</testsuite> <!-- test1 -->
