<?xml version="1.0" encoding="UTF-8"?>
<testng-results skipped="0" failed="0" ignored="0" total="6" passed="6">
  <reporter-output>
  </reporter-output>
  <suite name="defaultsutie" duration-ms="171" started-at="2019-07-16T03:57:01Z" finished-at="2019-07-16T03:57:01Z">
    <groups>
    </groups>
    <test name="test1" duration-ms="171" started-at="2019-07-16T03:57:01Z" finished-at="2019-07-16T03:57:01Z">
      <class name="p2.Mytest2">
        <test-method status="PASS" signature="tc004()[pri:0, instance:p2.Mytest2@32d992b2]" name="tc004" duration-ms="15" started-at="2019-07-16T09:27:01Z" finished-at="2019-07-16T09:27:01Z">
          <reporter-output>
          </reporter-output>
        </test-method> <!-- tc004 -->
        <test-method status="PASS" signature="tc005()[pri:0, instance:p2.Mytest2@32d992b2]" name="tc005" duration-ms="0" started-at="2019-07-16T09:27:01Z" finished-at="2019-07-16T09:27:01Z">
          <reporter-output>
          </reporter-output>
        </test-method> <!-- tc005 -->
        <test-method status="PASS" signature="tc006()[pri:0, instance:p2.Mytest2@32d992b2]" name="tc006" duration-ms="0" started-at="2019-07-16T09:27:01Z" finished-at="2019-07-16T09:27:01Z">
          <reporter-output>
          </reporter-output>
        </test-method> <!-- tc006 -->
      </class> <!-- p2.Mytest2 -->
      <class name="p1.Mytest1">
        <test-method status="PASS" signature="tc001()[pri:0, instance:p1.Mytest1@50c87b21]" name="tc001" duration-ms="15" started-at="2019-07-16T09:27:01Z" finished-at="2019-07-16T09:27:01Z">
          <reporter-output>
          </reporter-output>
        </test-method> <!-- tc001 -->
        <test-method status="PASS" signature="tc002()[pri:0, instance:p1.Mytest1@50c87b21]" name="tc002" duration-ms="0" started-at="2019-07-16T09:27:01Z" finished-at="2019-07-16T09:27:01Z">
          <reporter-output>
          </reporter-output>
        </test-method> <!-- tc002 -->
        <test-method status="PASS" signature="tc003()[pri:0, instance:p1.Mytest1@50c87b21]" name="tc003" duration-ms="0" started-at="2019-07-16T09:27:01Z" finished-at="2019-07-16T09:27:01Z">
          <reporter-output>
          </reporter-output>
        </test-method> <!-- tc003 -->
      </class> <!-- p1.Mytest1 -->
    </test> <!-- test1 -->
  </suite> <!-- defaultsutie -->
</testng-results>
